TN:
SF:routers.js
FNF:0
FNH:0
DA:1,1
DA:2,1
DA:3,1
DA:4,1
DA:5,1
DA:6,1
DA:7,1
DA:8,1
DA:9,0
DA:10,0
DA:11,0
DA:12,0
DA:13,1
DA:14,1
DA:15,1
DA:16,1
DA:17,1
DA:18,1
DA:19,1
DA:20,1
DA:21,1
DA:22,1
DA:23,1
DA:24,1
DA:25,1
DA:26,1
DA:27,1
DA:28,1
DA:29,1
DA:30,1
DA:31,1
LF:31
LH:27
BRF:0
BRH:0
end_of_record
TN:
SF:controllers/AccountController.js
FN:7,registerAccount
FN:42,getAccounnt
FN:60,getDetailAccount
FNF:3
FNH:3
FNDA:2,registerAccount
FNDA:2,getAccounnt
FNDA:2,getDetailAccount
DA:1,1
DA:2,1
DA:3,1
DA:4,1
DA:5,1
DA:6,1
DA:7,1
DA:8,2
DA:9,2
DA:10,2
DA:11,2
DA:12,2
DA:13,2
DA:14,2
DA:15,0
DA:16,0
DA:17,2
DA:18,2
DA:19,2
DA:20,2
DA:21,2
DA:22,2
DA:23,2
DA:24,2
DA:25,2
DA:26,2
DA:27,2
DA:28,2
DA:29,2
DA:30,2
DA:31,2
DA:32,2
DA:33,2
DA:34,2
DA:35,2
DA:36,2
DA:37,2
DA:38,0
DA:39,0
DA:40,1
DA:41,1
DA:42,1
DA:43,2
DA:44,2
DA:45,2
DA:46,2
DA:47,131
DA:48,131
DA:49,131
DA:50,131
DA:51,131
DA:52,2
DA:53,2
DA:54,2
DA:55,2
DA:56,0
DA:57,0
DA:58,1
DA:59,1
DA:60,1
DA:61,2
DA:62,2
DA:63,2
DA:64,2
DA:65,2
DA:66,2
DA:67,2
DA:68,0
DA:69,0
DA:70,2
DA:71,2
DA:72,2
DA:73,2
DA:74,2
DA:75,2
DA:76,2
DA:77,2
DA:78,2
DA:79,2
DA:80,2
DA:81,0
DA:82,0
DA:83,2
DA:84,1
LF:84
LH:74
BRDA:7,0,0,2
BRDA:14,1,0,0
BRDA:37,2,0,0
BRDA:42,3,0,2
BRDA:55,4,0,0
BRDA:46,5,0,131
BRDA:60,6,0,2
BRDA:67,7,0,0
BRDA:80,8,0,0
BRF:9
BRH:4
end_of_record
TN:
SF:controllers/TransactionsController.js
FN:8,makeTransactions
FN:66,getAllTransactions
FN:70,serializeBigInt
FN:89,getDetailTransaction
FNF:4
FNH:4
FNDA:2,makeTransactions
FNDA:2,getAllTransactions
FNDA:85,serializeBigInt
FNDA:2,getDetailTransaction
DA:1,1
DA:2,1
DA:3,1
DA:4,1
DA:5,1
DA:6,1
DA:7,1
DA:8,1
DA:9,2
DA:10,2
DA:11,2
DA:12,2
DA:13,2
DA:14,2
DA:15,2
DA:16,2
DA:17,2
DA:18,2
DA:19,2
DA:20,2
DA:21,2
DA:22,2
DA:23,2
DA:24,2
DA:25,2
DA:26,2
DA:27,2
DA:28,2
DA:29,2
DA:30,2
DA:31,2
DA:32,2
DA:33,2
DA:34,2
DA:35,2
DA:36,2
DA:37,2
DA:38,2
DA:39,2
DA:40,2
DA:41,2
DA:42,2
DA:43,2
DA:44,2
DA:45,2
DA:46,2
DA:47,2
DA:48,2
DA:49,2
DA:50,2
DA:51,2
DA:52,2
DA:53,2
DA:54,2
DA:55,2
DA:56,2
DA:57,0
DA:58,0
DA:59,0
DA:60,0
DA:61,2
DA:62,0
DA:63,0
DA:64,0
DA:65,1
DA:66,1
DA:67,2
DA:68,2
DA:69,2
DA:70,2
DA:71,85
DA:72,0
DA:73,0
DA:74,85
DA:75,85
DA:76,2
DA:77,2
DA:78,85
DA:79,85
DA:80,2
DA:81,2
DA:82,2
DA:83,2
DA:84,2
DA:85,0
DA:86,0
DA:87,0
DA:88,1
DA:89,1
DA:90,2
DA:91,2
DA:92,2
DA:93,2
DA:94,2
DA:95,2
DA:96,2
DA:97,2
DA:98,2
DA:99,2
DA:100,2
DA:101,2
DA:102,2
DA:103,2
DA:104,2
DA:105,2
DA:106,2
DA:107,0
DA:108,0
DA:109,0
DA:110,2
DA:111,1
LF:111
LH:96
BRDA:8,0,0,2
BRDA:56,1,0,0
BRDA:61,2,0,0
BRDA:66,3,0,2
BRDA:84,4,0,0
BRDA:70,5,0,85
BRDA:71,6,0,0
BRDA:77,7,0,85
BRDA:89,8,0,2
BRDA:106,9,0,0
BRF:10
BRH:5
end_of_record
TN:
SF:controllers/userControllers.js
FN:5,cryptPassword
FN:14,registerUser
FN:37,loginUser
FN:64,getProfile
FN:75,getUser
FN:86,getUserById
FNF:6
FNH:4
FNDA:2,cryptPassword
FNDA:2,registerUser
FNDA:0,loginUser
FNDA:0,getProfile
FNDA:2,getUser
FNDA:2,getUserById
DA:1,1
DA:2,1
DA:3,1
DA:4,1
DA:5,1
DA:6,2
DA:7,2
DA:8,2
DA:9,2
DA:10,1
DA:11,1
DA:12,1
DA:13,1
DA:14,1
DA:15,2
DA:16,2
DA:17,2
DA:18,2
DA:19,2
DA:20,2
DA:21,2
DA:22,2
DA:23,2
DA:24,2
DA:25,2
DA:26,2
DA:27,2
DA:28,2
DA:29,2
DA:30,2
DA:31,2
DA:32,2
DA:33,2
DA:34,0
DA:35,0
DA:36,1
DA:37,1
DA:38,0
DA:39,0
DA:40,0
DA:41,0
DA:42,0
DA:43,0
DA:44,0
DA:45,0
DA:46,0
DA:47,0
DA:48,0
DA:49,0
DA:50,0
DA:51,0
DA:52,0
DA:53,0
DA:54,0
DA:55,0
DA:56,0
DA:57,0
DA:58,0
DA:59,0
DA:60,0
DA:61,0
DA:62,0
DA:63,1
DA:64,1
DA:65,0
DA:66,0
DA:67,0
DA:68,0
DA:69,0
DA:70,0
DA:71,0
DA:72,0
DA:73,0
DA:74,1
DA:75,1
DA:76,2
DA:77,2
DA:78,2
DA:79,2
DA:80,2
DA:81,2
DA:82,0
DA:83,0
DA:84,1
DA:85,1
DA:86,1
DA:87,2
DA:88,2
DA:89,2
DA:90,2
DA:91,2
DA:92,2
DA:93,2
DA:94,2
DA:95,2
DA:96,2
DA:97,2
DA:98,2
DA:99,0
DA:100,0
DA:101,2
DA:102,0
DA:103,0
DA:104,2
DA:105,1
LF:105
LH:63
BRDA:5,0,0,2
BRDA:14,1,0,2
BRDA:33,2,0,0
BRDA:75,3,0,2
BRDA:81,4,0,0
BRDA:86,5,0,2
BRDA:98,6,0,0
BRDA:101,7,0,0
BRF:8
BRH:4
end_of_record
TN:
SF:middleware/checkToken.js
FN:3,checkToken
FNF:1
FNH:0
FNDA:0,checkToken
DA:1,1
DA:2,1
DA:3,1
DA:4,0
DA:5,0
DA:6,0
DA:7,0
DA:8,0
DA:9,0
DA:10,0
DA:11,0
DA:12,0
DA:13,0
DA:14,0
DA:15,0
DA:16,0
DA:17,0
DA:18,0
DA:19,0
DA:20,0
DA:21,0
DA:22,0
DA:23,0
DA:24,0
DA:25,0
DA:26,0
DA:27,0
DA:28,1
DA:29,1
LF:29
LH:5
BRF:0
BRH:0
end_of_record
